[2020-10-20 09:01:47,108 @cfgs.py:157] INFO: Semantic Segmentation System Configuration: 
-------------------  ----------------------------------------------------------------------------------------------------------------------------------------------------------------------------------------------------------------------------------------------------------------------------------------------------------------------------------------------------------------------------------
ROOT_PATH            G:\develop\pcl_projects\ErowCloudViewer\ErowCloudViewerPython\CloudViewerAISystem\SemanticSegmentationSystem
TEST_PATH            G:\develop\pcl_projects\ErowCloudViewer\ErowCloudViewerPython\CloudViewerAISystem\SemanticSegmentationSystem\test\test_clouds
TEST_RESULT          G:\develop\pcl_projects\ErowCloudViewer\ErowCloudViewerPython\CloudViewerAISystem\SemanticSegmentationSystem\test\test_result
LOG_PATH             G:\develop\pcl_projects\ErowCloudViewer\ErowCloudViewerPython\CloudViewerAISystem\SemanticSegmentationSystem\log
LOG_FILE             G:\develop\pcl_projects\ErowCloudViewer\ErowCloudViewerPython\CloudViewerAISystem\SemanticSegmentationSystem\log\log.log
DETECTOR             RandLA
RUNNING_MODE         LOCAL
SERVER_MODE          GRPC
GRPC_SERVER_URL      localhost:9000
REST_SERVER_URL      http://localhost:9001/v1/models/HelmetDetector:predict
SNIPER_SERVER_URL    http://localhost:9002/helmetdetector
GPU_INFO             {
                         "GPU 0 INFO": {
                             "total": "11264.0 MB",
                             "used": "1049.1328125 MB",
                             "free": "10214.8671875 MB"
                         },
                         "GPU 1 INFO": {
                             "total": "11264.0 MB",
                             "used": "1049.1328125 MB",
                             "free": "10214.8671875 MB"
                         }
                     }
GPU_MODE             0
NUM_CLASSES          20
MIN_POINTS           100
VOXEL_SIZE           0.02
NAME_LABEL_MAP       {'Unlabeled': 0, 'Manmade-Terrain': 1, 'Natural-Terrain': 2, 'High-Vegetation': 3, 'Low-Vegetation': 4, 'Buildings': 5, 'Hard-Scape': 6, 'Scanning-Artifacts': 7, 'Cars': 8, 'Utility-Pole': 9, 'Insulator': 10, 'Electrical-Wire': 11, 'Cross-Bar': 12, 'Stick': 13, 'Fuse': 14, 'Wire-Clip': 15, 'Linker-Insulator': 16, 'Persons': 17, 'Traffic-Sign': 18, 'Traffic-Light': 19}
LABEL_NAME_MAP       {0: 'Unlabeled', 1: 'Manmade-Terrain', 2: 'Natural-Terrain', 3: 'High-Vegetation', 4: 'Low-Vegetation', 5: 'Buildings', 6: 'Hard-Scape', 7: 'Scanning-Artifacts', 8: 'Cars', 9: 'Utility-Pole', 10: 'Insulator', 11: 'Electrical-Wire', 12: 'Cross-Bar', 13: 'Stick', 14: 'Fuse', 15: 'Wire-Clip', 16: 'Linker-Insulator', 17: 'Persons', 18: 'Traffic-Sign', 19: 'Traffic-Light'}
GPU_MEMORY_FRACTION  0.5
NMS_THRESHOLD        0.5
VISUALIZATION        True
NEED_SAMPLE          True
USE_VOTES            False
TOOLS_TYPE           CLOUDVIEWER
DATA                 {'VAL': {}}
-------------------  ----------------------------------------------------------------------------------------------------------------------------------------------------------------------------------------------------------------------------------------------------------------------------------------------------------------------------------------------------------------------------------
[2020-10-20 09:01:47,110 @randLA_detector.py:19] INFO: GPU Total Count： 2
[2020-10-20 09:01:47,140 @randLA_detector.py:39] INFO: using GPU index 0
[2020-10-20 09:01:51,924 @cfgs.py:157] INFO: Semantic Segmentation System Configuration: 
-------------------  ----------------------------------------------------------------------------------------------------------------------------------------------------------------------------------------------------------------------------------------------------------------------------------------------------------------------------------------------------------------------------------
ROOT_PATH            G:\develop\pcl_projects\ErowCloudViewer\ErowCloudViewerPython\CloudViewerAISystem\SemanticSegmentationSystem
TEST_PATH            G:\develop\pcl_projects\ErowCloudViewer\ErowCloudViewerPython\CloudViewerAISystem\SemanticSegmentationSystem\test\test_clouds
TEST_RESULT          G:\develop\pcl_projects\ErowCloudViewer\ErowCloudViewerPython\CloudViewerAISystem\SemanticSegmentationSystem\test\test_result
LOG_PATH             G:\develop\pcl_projects\ErowCloudViewer\ErowCloudViewerPython\CloudViewerAISystem\SemanticSegmentationSystem\log
LOG_FILE             G:\develop\pcl_projects\ErowCloudViewer\ErowCloudViewerPython\CloudViewerAISystem\SemanticSegmentationSystem\log\log.log
DETECTOR             RandLA
RUNNING_MODE         LOCAL
SERVER_MODE          GRPC
GRPC_SERVER_URL      localhost:9000
REST_SERVER_URL      http://localhost:9001/v1/models/HelmetDetector:predict
SNIPER_SERVER_URL    http://localhost:9002/helmetdetector
GPU_INFO             {
                         "GPU 0 INFO": {
                             "total": "11264.0 MB",
                             "used": "1049.1328125 MB",
                             "free": "10214.8671875 MB"
                         },
                         "GPU 1 INFO": {
                             "total": "11264.0 MB",
                             "used": "1049.1328125 MB",
                             "free": "10214.8671875 MB"
                         }
                     }
GPU_MODE             0
NUM_CLASSES          20
MIN_POINTS           100
VOXEL_SIZE           0.02
NAME_LABEL_MAP       {'Unlabeled': 0, 'Manmade-Terrain': 1, 'Natural-Terrain': 2, 'High-Vegetation': 3, 'Low-Vegetation': 4, 'Buildings': 5, 'Hard-Scape': 6, 'Scanning-Artifacts': 7, 'Cars': 8, 'Utility-Pole': 9, 'Insulator': 10, 'Electrical-Wire': 11, 'Cross-Bar': 12, 'Stick': 13, 'Fuse': 14, 'Wire-Clip': 15, 'Linker-Insulator': 16, 'Persons': 17, 'Traffic-Sign': 18, 'Traffic-Light': 19}
LABEL_NAME_MAP       {0: 'Unlabeled', 1: 'Manmade-Terrain', 2: 'Natural-Terrain', 3: 'High-Vegetation', 4: 'Low-Vegetation', 5: 'Buildings', 6: 'Hard-Scape', 7: 'Scanning-Artifacts', 8: 'Cars', 9: 'Utility-Pole', 10: 'Insulator', 11: 'Electrical-Wire', 12: 'Cross-Bar', 13: 'Stick', 14: 'Fuse', 15: 'Wire-Clip', 16: 'Linker-Insulator', 17: 'Persons', 18: 'Traffic-Sign', 19: 'Traffic-Light'}
GPU_MEMORY_FRACTION  0.5
NMS_THRESHOLD        0.5
VISUALIZATION        True
NEED_SAMPLE          True
USE_VOTES            False
TOOLS_TYPE           CLOUDVIEWER
DATA                 {'VAL': {}}
-------------------  ----------------------------------------------------------------------------------------------------------------------------------------------------------------------------------------------------------------------------------------------------------------------------------------------------------------------------------------------------------------------------------
[2020-10-20 09:01:51,924 @randLA_detector.py:19] INFO: GPU Total Count： 2
[2020-10-20 09:01:51,951 @randLA_detector.py:39] INFO: using GPU index 0
[2020-10-20 09:03:56,116 @cfgs.py:157] INFO: Semantic Segmentation System Configuration: 
-------------------  ----------------------------------------------------------------------------------------------------------------------------------------------------------------------------------------------------------------------------------------------------------------------------------------------------------------------------------------------------------------------------------
ROOT_PATH            G:\develop\pcl_projects\ErowCloudViewer\ErowCloudViewerPython\CloudViewerAISystem\SemanticSegmentationSystem
TEST_PATH            G:\develop\pcl_projects\ErowCloudViewer\ErowCloudViewerPython\CloudViewerAISystem\SemanticSegmentationSystem\test\test_clouds
TEST_RESULT          G:\develop\pcl_projects\ErowCloudViewer\ErowCloudViewerPython\CloudViewerAISystem\SemanticSegmentationSystem\test\test_result
LOG_PATH             G:\develop\pcl_projects\ErowCloudViewer\ErowCloudViewerPython\CloudViewerAISystem\SemanticSegmentationSystem\log
LOG_FILE             G:\develop\pcl_projects\ErowCloudViewer\ErowCloudViewerPython\CloudViewerAISystem\SemanticSegmentationSystem\log\log.log
DETECTOR             RandLA
RUNNING_MODE         LOCAL
SERVER_MODE          GRPC
GRPC_SERVER_URL      localhost:9000
REST_SERVER_URL      http://localhost:9001/v1/models/HelmetDetector:predict
SNIPER_SERVER_URL    http://localhost:9002/helmetdetector
GPU_INFO             {
                         "GPU 0 INFO": {
                             "total": "11264.0 MB",
                             "used": "1050.37890625 MB",
                             "free": "10213.62109375 MB"
                         },
                         "GPU 1 INFO": {
                             "total": "11264.0 MB",
                             "used": "1050.37890625 MB",
                             "free": "10213.62109375 MB"
                         }
                     }
GPU_MODE             0
NUM_CLASSES          20
MIN_POINTS           100
VOXEL_SIZE           0.02
NAME_LABEL_MAP       {'Unlabeled': 0, 'Manmade-Terrain': 1, 'Natural-Terrain': 2, 'High-Vegetation': 3, 'Low-Vegetation': 4, 'Buildings': 5, 'Hard-Scape': 6, 'Scanning-Artifacts': 7, 'Cars': 8, 'Utility-Pole': 9, 'Insulator': 10, 'Electrical-Wire': 11, 'Cross-Bar': 12, 'Stick': 13, 'Fuse': 14, 'Wire-Clip': 15, 'Linker-Insulator': 16, 'Persons': 17, 'Traffic-Sign': 18, 'Traffic-Light': 19}
LABEL_NAME_MAP       {0: 'Unlabeled', 1: 'Manmade-Terrain', 2: 'Natural-Terrain', 3: 'High-Vegetation', 4: 'Low-Vegetation', 5: 'Buildings', 6: 'Hard-Scape', 7: 'Scanning-Artifacts', 8: 'Cars', 9: 'Utility-Pole', 10: 'Insulator', 11: 'Electrical-Wire', 12: 'Cross-Bar', 13: 'Stick', 14: 'Fuse', 15: 'Wire-Clip', 16: 'Linker-Insulator', 17: 'Persons', 18: 'Traffic-Sign', 19: 'Traffic-Light'}
GPU_MEMORY_FRACTION  0.5
NMS_THRESHOLD        0.5
VISUALIZATION        True
NEED_SAMPLE          True
USE_VOTES            False
TOOLS_TYPE           CLOUDVIEWER
DATA                 {'VAL': {}}
-------------------  ----------------------------------------------------------------------------------------------------------------------------------------------------------------------------------------------------------------------------------------------------------------------------------------------------------------------------------------------------------------------------------
[2020-10-20 09:03:56,117 @randLA_detector.py:19] INFO: GPU Total Count： 2
[2020-10-20 09:03:56,146 @randLA_detector.py:39] INFO: using GPU index 0
[2020-10-20 10:29:33,637 @cfgs.py:157] INFO: Semantic Segmentation System Configuration: 
-------------------  ----------------------------------------------------------------------------------------------------------------------------------------------------------------------------------------------------------------------------------------------------------------------------------------------------------------------------------------------------------------------------------
ROOT_PATH            G:\develop\pcl_projects\ErowCloudViewer\ErowCloudViewerPython\CloudViewerAISystem\SemanticSegmentationSystem
TEST_PATH            G:\develop\pcl_projects\ErowCloudViewer\ErowCloudViewerPython\CloudViewerAISystem\SemanticSegmentationSystem\test\test_clouds
TEST_RESULT          G:\develop\pcl_projects\ErowCloudViewer\ErowCloudViewerPython\CloudViewerAISystem\SemanticSegmentationSystem\test\test_result
LOG_PATH             G:\develop\pcl_projects\ErowCloudViewer\ErowCloudViewerPython\CloudViewerAISystem\SemanticSegmentationSystem\log
LOG_FILE             G:\develop\pcl_projects\ErowCloudViewer\ErowCloudViewerPython\CloudViewerAISystem\SemanticSegmentationSystem\log\log.log
DETECTOR             RandLA
RUNNING_MODE         LOCAL
SERVER_MODE          GRPC
GRPC_SERVER_URL      localhost:9000
REST_SERVER_URL      http://localhost:9001/v1/models/HelmetDetector:predict
SNIPER_SERVER_URL    http://localhost:9002/helmetdetector
GPU_INFO             {
                         "GPU 0 INFO": {
                             "total": "11264.0 MB",
                             "used": "1183.5546875 MB",
                             "free": "10080.4453125 MB"
                         },
                         "GPU 1 INFO": {
                             "total": "11264.0 MB",
                             "used": "1183.5546875 MB",
                             "free": "10080.4453125 MB"
                         }
                     }
GPU_MODE             0
NUM_CLASSES          20
MIN_POINTS           100
VOXEL_SIZE           0.02
NAME_LABEL_MAP       {'Unlabeled': 0, 'Manmade-Terrain': 1, 'Natural-Terrain': 2, 'High-Vegetation': 3, 'Low-Vegetation': 4, 'Buildings': 5, 'Hard-Scape': 6, 'Scanning-Artifacts': 7, 'Cars': 8, 'Utility-Pole': 9, 'Insulator': 10, 'Electrical-Wire': 11, 'Cross-Bar': 12, 'Stick': 13, 'Fuse': 14, 'Wire-Clip': 15, 'Linker-Insulator': 16, 'Persons': 17, 'Traffic-Sign': 18, 'Traffic-Light': 19}
LABEL_NAME_MAP       {0: 'Unlabeled', 1: 'Manmade-Terrain', 2: 'Natural-Terrain', 3: 'High-Vegetation', 4: 'Low-Vegetation', 5: 'Buildings', 6: 'Hard-Scape', 7: 'Scanning-Artifacts', 8: 'Cars', 9: 'Utility-Pole', 10: 'Insulator', 11: 'Electrical-Wire', 12: 'Cross-Bar', 13: 'Stick', 14: 'Fuse', 15: 'Wire-Clip', 16: 'Linker-Insulator', 17: 'Persons', 18: 'Traffic-Sign', 19: 'Traffic-Light'}
GPU_MEMORY_FRACTION  0.5
NMS_THRESHOLD        0.5
VISUALIZATION        True
NEED_SAMPLE          True
USE_VOTES            False
TOOLS_TYPE           CLOUDVIEWER
DATA                 {'VAL': {}}
-------------------  ----------------------------------------------------------------------------------------------------------------------------------------------------------------------------------------------------------------------------------------------------------------------------------------------------------------------------------------------------------------------------------
[2020-10-20 10:29:33,637 @randLA_detector.py:19] INFO: GPU Total Count： 2
[2020-10-20 10:29:33,665 @randLA_detector.py:39] INFO: using GPU index 0
[2020-10-20 10:29:38,420 @cfgs.py:157] INFO: Semantic Segmentation System Configuration: 
-------------------  ----------------------------------------------------------------------------------------------------------------------------------------------------------------------------------------------------------------------------------------------------------------------------------------------------------------------------------------------------------------------------------
ROOT_PATH            G:\develop\pcl_projects\ErowCloudViewer\ErowCloudViewerPython\CloudViewerAISystem\SemanticSegmentationSystem
TEST_PATH            G:\develop\pcl_projects\ErowCloudViewer\ErowCloudViewerPython\CloudViewerAISystem\SemanticSegmentationSystem\test\test_clouds
TEST_RESULT          G:\develop\pcl_projects\ErowCloudViewer\ErowCloudViewerPython\CloudViewerAISystem\SemanticSegmentationSystem\test\test_result
LOG_PATH             G:\develop\pcl_projects\ErowCloudViewer\ErowCloudViewerPython\CloudViewerAISystem\SemanticSegmentationSystem\log
LOG_FILE             G:\develop\pcl_projects\ErowCloudViewer\ErowCloudViewerPython\CloudViewerAISystem\SemanticSegmentationSystem\log\log.log
DETECTOR             RandLA
RUNNING_MODE         LOCAL
SERVER_MODE          GRPC
GRPC_SERVER_URL      localhost:9000
REST_SERVER_URL      http://localhost:9001/v1/models/HelmetDetector:predict
SNIPER_SERVER_URL    http://localhost:9002/helmetdetector
GPU_INFO             {
                         "GPU 0 INFO": {
                             "total": "11264.0 MB",
                             "used": "1183.5546875 MB",
                             "free": "10080.4453125 MB"
                         },
                         "GPU 1 INFO": {
                             "total": "11264.0 MB",
                             "used": "1183.5546875 MB",
                             "free": "10080.4453125 MB"
                         }
                     }
GPU_MODE             0
NUM_CLASSES          20
MIN_POINTS           100
VOXEL_SIZE           0.02
NAME_LABEL_MAP       {'Unlabeled': 0, 'Manmade-Terrain': 1, 'Natural-Terrain': 2, 'High-Vegetation': 3, 'Low-Vegetation': 4, 'Buildings': 5, 'Hard-Scape': 6, 'Scanning-Artifacts': 7, 'Cars': 8, 'Utility-Pole': 9, 'Insulator': 10, 'Electrical-Wire': 11, 'Cross-Bar': 12, 'Stick': 13, 'Fuse': 14, 'Wire-Clip': 15, 'Linker-Insulator': 16, 'Persons': 17, 'Traffic-Sign': 18, 'Traffic-Light': 19}
LABEL_NAME_MAP       {0: 'Unlabeled', 1: 'Manmade-Terrain', 2: 'Natural-Terrain', 3: 'High-Vegetation', 4: 'Low-Vegetation', 5: 'Buildings', 6: 'Hard-Scape', 7: 'Scanning-Artifacts', 8: 'Cars', 9: 'Utility-Pole', 10: 'Insulator', 11: 'Electrical-Wire', 12: 'Cross-Bar', 13: 'Stick', 14: 'Fuse', 15: 'Wire-Clip', 16: 'Linker-Insulator', 17: 'Persons', 18: 'Traffic-Sign', 19: 'Traffic-Light'}
GPU_MEMORY_FRACTION  0.5
NMS_THRESHOLD        0.5
VISUALIZATION        True
NEED_SAMPLE          True
USE_VOTES            False
TOOLS_TYPE           CLOUDVIEWER
DATA                 {'VAL': {}}
-------------------  ----------------------------------------------------------------------------------------------------------------------------------------------------------------------------------------------------------------------------------------------------------------------------------------------------------------------------------------------------------------------------------
[2020-10-20 10:29:38,420 @randLA_detector.py:19] INFO: GPU Total Count： 2
[2020-10-20 10:29:38,449 @randLA_detector.py:39] INFO: using GPU index 0
[2020-10-20 10:33:27,508 @cfgs.py:157] INFO: Semantic Segmentation System Configuration: 
-------------------  ----------------------------------------------------------------------------------------------------------------------------------------------------------------------------------------------------------------------------------------------------------------------------------------------------------------------------------------------------------------------------------
ROOT_PATH            G:\develop\pcl_projects\ErowCloudViewer\ErowCloudViewerPython\CloudViewerAISystem\SemanticSegmentationSystem
TEST_PATH            G:\develop\pcl_projects\ErowCloudViewer\ErowCloudViewerPython\CloudViewerAISystem\SemanticSegmentationSystem\test\test_clouds
TEST_RESULT          G:\develop\pcl_projects\ErowCloudViewer\ErowCloudViewerPython\CloudViewerAISystem\SemanticSegmentationSystem\test\test_result
LOG_PATH             G:\develop\pcl_projects\ErowCloudViewer\ErowCloudViewerPython\CloudViewerAISystem\SemanticSegmentationSystem\log
LOG_FILE             G:\develop\pcl_projects\ErowCloudViewer\ErowCloudViewerPython\CloudViewerAISystem\SemanticSegmentationSystem\log\log.log
DETECTOR             RandLA
RUNNING_MODE         LOCAL
SERVER_MODE          GRPC
GRPC_SERVER_URL      localhost:9000
REST_SERVER_URL      http://localhost:9001/v1/models/HelmetDetector:predict
SNIPER_SERVER_URL    http://localhost:9002/helmetdetector
GPU_INFO             {
                         "GPU 0 INFO": {
                             "total": "11264.0 MB",
                             "used": "1184.8671875 MB",
                             "free": "10079.1328125 MB"
                         },
                         "GPU 1 INFO": {
                             "total": "11264.0 MB",
                             "used": "1184.8671875 MB",
                             "free": "10079.1328125 MB"
                         }
                     }
GPU_MODE             0
NUM_CLASSES          20
MIN_POINTS           100
VOXEL_SIZE           0.02
NAME_LABEL_MAP       {'Unlabeled': 0, 'Manmade-Terrain': 1, 'Natural-Terrain': 2, 'High-Vegetation': 3, 'Low-Vegetation': 4, 'Buildings': 5, 'Hard-Scape': 6, 'Scanning-Artifacts': 7, 'Cars': 8, 'Utility-Pole': 9, 'Insulator': 10, 'Electrical-Wire': 11, 'Cross-Bar': 12, 'Stick': 13, 'Fuse': 14, 'Wire-Clip': 15, 'Linker-Insulator': 16, 'Persons': 17, 'Traffic-Sign': 18, 'Traffic-Light': 19}
LABEL_NAME_MAP       {0: 'Unlabeled', 1: 'Manmade-Terrain', 2: 'Natural-Terrain', 3: 'High-Vegetation', 4: 'Low-Vegetation', 5: 'Buildings', 6: 'Hard-Scape', 7: 'Scanning-Artifacts', 8: 'Cars', 9: 'Utility-Pole', 10: 'Insulator', 11: 'Electrical-Wire', 12: 'Cross-Bar', 13: 'Stick', 14: 'Fuse', 15: 'Wire-Clip', 16: 'Linker-Insulator', 17: 'Persons', 18: 'Traffic-Sign', 19: 'Traffic-Light'}
GPU_MEMORY_FRACTION  0.5
NMS_THRESHOLD        0.5
VISUALIZATION        True
NEED_SAMPLE          True
USE_VOTES            False
TOOLS_TYPE           CLOUDVIEWER
DATA                 {'VAL': {}}
-------------------  ----------------------------------------------------------------------------------------------------------------------------------------------------------------------------------------------------------------------------------------------------------------------------------------------------------------------------------------------------------------------------------
[2020-10-20 10:33:27,508 @randLA_detector.py:19] INFO: GPU Total Count： 2
[2020-10-20 10:33:27,536 @randLA_detector.py:39] INFO: using GPU index 0
[2020-10-20 10:33:32,204 @cfgs.py:157] INFO: Semantic Segmentation System Configuration: 
-------------------  ----------------------------------------------------------------------------------------------------------------------------------------------------------------------------------------------------------------------------------------------------------------------------------------------------------------------------------------------------------------------------------
ROOT_PATH            G:\develop\pcl_projects\ErowCloudViewer\ErowCloudViewerPython\CloudViewerAISystem\SemanticSegmentationSystem
TEST_PATH            G:\develop\pcl_projects\ErowCloudViewer\ErowCloudViewerPython\CloudViewerAISystem\SemanticSegmentationSystem\test\test_clouds
TEST_RESULT          G:\develop\pcl_projects\ErowCloudViewer\ErowCloudViewerPython\CloudViewerAISystem\SemanticSegmentationSystem\test\test_result
LOG_PATH             G:\develop\pcl_projects\ErowCloudViewer\ErowCloudViewerPython\CloudViewerAISystem\SemanticSegmentationSystem\log
LOG_FILE             G:\develop\pcl_projects\ErowCloudViewer\ErowCloudViewerPython\CloudViewerAISystem\SemanticSegmentationSystem\log\log.log
DETECTOR             RandLA
RUNNING_MODE         LOCAL
SERVER_MODE          GRPC
GRPC_SERVER_URL      localhost:9000
REST_SERVER_URL      http://localhost:9001/v1/models/HelmetDetector:predict
SNIPER_SERVER_URL    http://localhost:9002/helmetdetector
GPU_INFO             {
                         "GPU 0 INFO": {
                             "total": "11264.0 MB",
                             "used": "1184.8671875 MB",
                             "free": "10079.1328125 MB"
                         },
                         "GPU 1 INFO": {
                             "total": "11264.0 MB",
                             "used": "1184.8671875 MB",
                             "free": "10079.1328125 MB"
                         }
                     }
GPU_MODE             0
NUM_CLASSES          20
MIN_POINTS           100
VOXEL_SIZE           0.02
NAME_LABEL_MAP       {'Unlabeled': 0, 'Manmade-Terrain': 1, 'Natural-Terrain': 2, 'High-Vegetation': 3, 'Low-Vegetation': 4, 'Buildings': 5, 'Hard-Scape': 6, 'Scanning-Artifacts': 7, 'Cars': 8, 'Utility-Pole': 9, 'Insulator': 10, 'Electrical-Wire': 11, 'Cross-Bar': 12, 'Stick': 13, 'Fuse': 14, 'Wire-Clip': 15, 'Linker-Insulator': 16, 'Persons': 17, 'Traffic-Sign': 18, 'Traffic-Light': 19}
LABEL_NAME_MAP       {0: 'Unlabeled', 1: 'Manmade-Terrain', 2: 'Natural-Terrain', 3: 'High-Vegetation', 4: 'Low-Vegetation', 5: 'Buildings', 6: 'Hard-Scape', 7: 'Scanning-Artifacts', 8: 'Cars', 9: 'Utility-Pole', 10: 'Insulator', 11: 'Electrical-Wire', 12: 'Cross-Bar', 13: 'Stick', 14: 'Fuse', 15: 'Wire-Clip', 16: 'Linker-Insulator', 17: 'Persons', 18: 'Traffic-Sign', 19: 'Traffic-Light'}
GPU_MEMORY_FRACTION  0.5
NMS_THRESHOLD        0.5
VISUALIZATION        True
NEED_SAMPLE          True
USE_VOTES            False
TOOLS_TYPE           CLOUDVIEWER
DATA                 {'VAL': {}}
-------------------  ----------------------------------------------------------------------------------------------------------------------------------------------------------------------------------------------------------------------------------------------------------------------------------------------------------------------------------------------------------------------------------
[2020-10-20 10:33:32,205 @randLA_detector.py:19] INFO: GPU Total Count： 2
[2020-10-20 10:33:32,233 @randLA_detector.py:39] INFO: using GPU index 0
[2020-10-20 10:53:38,900 @cfgs.py:157] INFO: Semantic Segmentation System Configuration: 
-------------------  ----------------------------------------------------------------------------------------------------------------------------------------------------------------------------------------------------------------------------------------------------------------------------------------------------------------------------------------------------------------------------------
ROOT_PATH            G:\develop\pcl_projects\ErowCloudViewer\ErowCloudViewerPython\CloudViewerAISystem\SemanticSegmentationSystem
TEST_PATH            G:\develop\pcl_projects\ErowCloudViewer\ErowCloudViewerPython\CloudViewerAISystem\SemanticSegmentationSystem\test\test_clouds
TEST_RESULT          G:\develop\pcl_projects\ErowCloudViewer\ErowCloudViewerPython\CloudViewerAISystem\SemanticSegmentationSystem\test\test_result
LOG_PATH             G:\develop\pcl_projects\ErowCloudViewer\ErowCloudViewerPython\CloudViewerAISystem\SemanticSegmentationSystem\log
LOG_FILE             G:\develop\pcl_projects\ErowCloudViewer\ErowCloudViewerPython\CloudViewerAISystem\SemanticSegmentationSystem\log\log.log
DETECTOR             RandLA
RUNNING_MODE         LOCAL
SERVER_MODE          GRPC
GRPC_SERVER_URL      localhost:9000
REST_SERVER_URL      http://localhost:9001/v1/models/HelmetDetector:predict
SNIPER_SERVER_URL    http://localhost:9002/helmetdetector
GPU_INFO             {
                         "GPU 0 INFO": {
                             "total": "11264.0 MB",
                             "used": "1081.625 MB",
                             "free": "10182.375 MB"
                         },
                         "GPU 1 INFO": {
                             "total": "11264.0 MB",
                             "used": "1081.625 MB",
                             "free": "10182.375 MB"
                         }
                     }
GPU_MODE             0
NUM_CLASSES          20
MIN_POINTS           100
VOXEL_SIZE           0.02
NAME_LABEL_MAP       {'Unlabeled': 0, 'Manmade-Terrain': 1, 'Natural-Terrain': 2, 'High-Vegetation': 3, 'Low-Vegetation': 4, 'Buildings': 5, 'Hard-Scape': 6, 'Scanning-Artifacts': 7, 'Cars': 8, 'Utility-Pole': 9, 'Insulator': 10, 'Electrical-Wire': 11, 'Cross-Bar': 12, 'Stick': 13, 'Fuse': 14, 'Wire-Clip': 15, 'Linker-Insulator': 16, 'Persons': 17, 'Traffic-Sign': 18, 'Traffic-Light': 19}
LABEL_NAME_MAP       {0: 'Unlabeled', 1: 'Manmade-Terrain', 2: 'Natural-Terrain', 3: 'High-Vegetation', 4: 'Low-Vegetation', 5: 'Buildings', 6: 'Hard-Scape', 7: 'Scanning-Artifacts', 8: 'Cars', 9: 'Utility-Pole', 10: 'Insulator', 11: 'Electrical-Wire', 12: 'Cross-Bar', 13: 'Stick', 14: 'Fuse', 15: 'Wire-Clip', 16: 'Linker-Insulator', 17: 'Persons', 18: 'Traffic-Sign', 19: 'Traffic-Light'}
GPU_MEMORY_FRACTION  0.5
NMS_THRESHOLD        0.5
VISUALIZATION        True
NEED_SAMPLE          True
USE_VOTES            False
TOOLS_TYPE           CLOUDVIEWER
DATA                 {'VAL': {}}
-------------------  ----------------------------------------------------------------------------------------------------------------------------------------------------------------------------------------------------------------------------------------------------------------------------------------------------------------------------------------------------------------------------------
[2020-10-20 10:53:38,901 @randLA_detector.py:19] INFO: GPU Total Count： 2
[2020-10-20 10:53:38,929 @randLA_detector.py:39] INFO: using GPU index 0
[2020-10-20 10:53:43,661 @cfgs.py:157] INFO: Semantic Segmentation System Configuration: 
-------------------  ----------------------------------------------------------------------------------------------------------------------------------------------------------------------------------------------------------------------------------------------------------------------------------------------------------------------------------------------------------------------------------
ROOT_PATH            G:\develop\pcl_projects\ErowCloudViewer\ErowCloudViewerPython\CloudViewerAISystem\SemanticSegmentationSystem
TEST_PATH            G:\develop\pcl_projects\ErowCloudViewer\ErowCloudViewerPython\CloudViewerAISystem\SemanticSegmentationSystem\test\test_clouds
TEST_RESULT          G:\develop\pcl_projects\ErowCloudViewer\ErowCloudViewerPython\CloudViewerAISystem\SemanticSegmentationSystem\test\test_result
LOG_PATH             G:\develop\pcl_projects\ErowCloudViewer\ErowCloudViewerPython\CloudViewerAISystem\SemanticSegmentationSystem\log
LOG_FILE             G:\develop\pcl_projects\ErowCloudViewer\ErowCloudViewerPython\CloudViewerAISystem\SemanticSegmentationSystem\log\log.log
DETECTOR             RandLA
RUNNING_MODE         LOCAL
SERVER_MODE          GRPC
GRPC_SERVER_URL      localhost:9000
REST_SERVER_URL      http://localhost:9001/v1/models/HelmetDetector:predict
SNIPER_SERVER_URL    http://localhost:9002/helmetdetector
GPU_INFO             {
                         "GPU 0 INFO": {
                             "total": "11264.0 MB",
                             "used": "1081.625 MB",
                             "free": "10182.375 MB"
                         },
                         "GPU 1 INFO": {
                             "total": "11264.0 MB",
                             "used": "1081.625 MB",
                             "free": "10182.375 MB"
                         }
                     }
GPU_MODE             0
NUM_CLASSES          20
MIN_POINTS           100
VOXEL_SIZE           0.02
NAME_LABEL_MAP       {'Unlabeled': 0, 'Manmade-Terrain': 1, 'Natural-Terrain': 2, 'High-Vegetation': 3, 'Low-Vegetation': 4, 'Buildings': 5, 'Hard-Scape': 6, 'Scanning-Artifacts': 7, 'Cars': 8, 'Utility-Pole': 9, 'Insulator': 10, 'Electrical-Wire': 11, 'Cross-Bar': 12, 'Stick': 13, 'Fuse': 14, 'Wire-Clip': 15, 'Linker-Insulator': 16, 'Persons': 17, 'Traffic-Sign': 18, 'Traffic-Light': 19}
LABEL_NAME_MAP       {0: 'Unlabeled', 1: 'Manmade-Terrain', 2: 'Natural-Terrain', 3: 'High-Vegetation', 4: 'Low-Vegetation', 5: 'Buildings', 6: 'Hard-Scape', 7: 'Scanning-Artifacts', 8: 'Cars', 9: 'Utility-Pole', 10: 'Insulator', 11: 'Electrical-Wire', 12: 'Cross-Bar', 13: 'Stick', 14: 'Fuse', 15: 'Wire-Clip', 16: 'Linker-Insulator', 17: 'Persons', 18: 'Traffic-Sign', 19: 'Traffic-Light'}
GPU_MEMORY_FRACTION  0.5
NMS_THRESHOLD        0.5
VISUALIZATION        True
NEED_SAMPLE          True
USE_VOTES            False
TOOLS_TYPE           CLOUDVIEWER
DATA                 {'VAL': {}}
-------------------  ----------------------------------------------------------------------------------------------------------------------------------------------------------------------------------------------------------------------------------------------------------------------------------------------------------------------------------------------------------------------------------
[2020-10-20 10:53:43,661 @randLA_detector.py:19] INFO: GPU Total Count： 2
[2020-10-20 10:53:43,689 @randLA_detector.py:39] INFO: using GPU index 0
[2020-10-20 11:14:02,053 @cfgs.py:157] INFO: Semantic Segmentation System Configuration: 
-------------------  ----------------------------------------------------------------------------------------------------------------------------------------------------------------------------------------------------------------------------------------------------------------------------------------------------------------------------------------------------------------------------------
ROOT_PATH            G:\develop\pcl_projects\ErowCloudViewer\ErowCloudViewerPython\CloudViewerAISystem\SemanticSegmentationSystem
TEST_PATH            G:\develop\pcl_projects\ErowCloudViewer\ErowCloudViewerPython\CloudViewerAISystem\SemanticSegmentationSystem\test\test_clouds
TEST_RESULT          G:\develop\pcl_projects\ErowCloudViewer\ErowCloudViewerPython\CloudViewerAISystem\SemanticSegmentationSystem\test\test_result
LOG_PATH             G:\develop\pcl_projects\ErowCloudViewer\ErowCloudViewerPython\CloudViewerAISystem\SemanticSegmentationSystem\log
LOG_FILE             G:\develop\pcl_projects\ErowCloudViewer\ErowCloudViewerPython\CloudViewerAISystem\SemanticSegmentationSystem\log\log.log
DETECTOR             RandLA
RUNNING_MODE         LOCAL
SERVER_MODE          GRPC
GRPC_SERVER_URL      localhost:9000
REST_SERVER_URL      http://localhost:9001/v1/models/HelmetDetector:predict
SNIPER_SERVER_URL    http://localhost:9002/helmetdetector
GPU_INFO             {
                         "GPU 0 INFO": {
                             "total": "11264.0 MB",
                             "used": "1135.4921875 MB",
                             "free": "10128.5078125 MB"
                         },
                         "GPU 1 INFO": {
                             "total": "11264.0 MB",
                             "used": "1135.4921875 MB",
                             "free": "10128.5078125 MB"
                         }
                     }
GPU_MODE             0
NUM_CLASSES          20
MIN_POINTS           100
VOXEL_SIZE           0.02
NAME_LABEL_MAP       {'Unlabeled': 0, 'Manmade-Terrain': 1, 'Natural-Terrain': 2, 'High-Vegetation': 3, 'Low-Vegetation': 4, 'Buildings': 5, 'Hard-Scape': 6, 'Scanning-Artifacts': 7, 'Cars': 8, 'Utility-Pole': 9, 'Insulator': 10, 'Electrical-Wire': 11, 'Cross-Bar': 12, 'Stick': 13, 'Fuse': 14, 'Wire-Clip': 15, 'Linker-Insulator': 16, 'Persons': 17, 'Traffic-Sign': 18, 'Traffic-Light': 19}
LABEL_NAME_MAP       {0: 'Unlabeled', 1: 'Manmade-Terrain', 2: 'Natural-Terrain', 3: 'High-Vegetation', 4: 'Low-Vegetation', 5: 'Buildings', 6: 'Hard-Scape', 7: 'Scanning-Artifacts', 8: 'Cars', 9: 'Utility-Pole', 10: 'Insulator', 11: 'Electrical-Wire', 12: 'Cross-Bar', 13: 'Stick', 14: 'Fuse', 15: 'Wire-Clip', 16: 'Linker-Insulator', 17: 'Persons', 18: 'Traffic-Sign', 19: 'Traffic-Light'}
GPU_MEMORY_FRACTION  0.5
NMS_THRESHOLD        0.5
VISUALIZATION        True
NEED_SAMPLE          True
USE_VOTES            False
TOOLS_TYPE           CLOUDVIEWER
DATA                 {'VAL': {}}
-------------------  ----------------------------------------------------------------------------------------------------------------------------------------------------------------------------------------------------------------------------------------------------------------------------------------------------------------------------------------------------------------------------------
[2020-10-20 11:14:02,054 @randLA_detector.py:19] INFO: GPU Total Count： 2
[2020-10-20 11:14:02,083 @randLA_detector.py:39] INFO: using GPU index 0
[2020-10-20 11:14:06,773 @cfgs.py:157] INFO: Semantic Segmentation System Configuration: 
-------------------  ----------------------------------------------------------------------------------------------------------------------------------------------------------------------------------------------------------------------------------------------------------------------------------------------------------------------------------------------------------------------------------
ROOT_PATH            G:\develop\pcl_projects\ErowCloudViewer\ErowCloudViewerPython\CloudViewerAISystem\SemanticSegmentationSystem
TEST_PATH            G:\develop\pcl_projects\ErowCloudViewer\ErowCloudViewerPython\CloudViewerAISystem\SemanticSegmentationSystem\test\test_clouds
TEST_RESULT          G:\develop\pcl_projects\ErowCloudViewer\ErowCloudViewerPython\CloudViewerAISystem\SemanticSegmentationSystem\test\test_result
LOG_PATH             G:\develop\pcl_projects\ErowCloudViewer\ErowCloudViewerPython\CloudViewerAISystem\SemanticSegmentationSystem\log
LOG_FILE             G:\develop\pcl_projects\ErowCloudViewer\ErowCloudViewerPython\CloudViewerAISystem\SemanticSegmentationSystem\log\log.log
DETECTOR             RandLA
RUNNING_MODE         LOCAL
SERVER_MODE          GRPC
GRPC_SERVER_URL      localhost:9000
REST_SERVER_URL      http://localhost:9001/v1/models/HelmetDetector:predict
SNIPER_SERVER_URL    http://localhost:9002/helmetdetector
GPU_INFO             {
                         "GPU 0 INFO": {
                             "total": "11264.0 MB",
                             "used": "1092.17578125 MB",
                             "free": "10171.82421875 MB"
                         },
                         "GPU 1 INFO": {
                             "total": "11264.0 MB",
                             "used": "1092.17578125 MB",
                             "free": "10171.82421875 MB"
                         }
                     }
GPU_MODE             0
NUM_CLASSES          20
MIN_POINTS           100
VOXEL_SIZE           0.02
NAME_LABEL_MAP       {'Unlabeled': 0, 'Manmade-Terrain': 1, 'Natural-Terrain': 2, 'High-Vegetation': 3, 'Low-Vegetation': 4, 'Buildings': 5, 'Hard-Scape': 6, 'Scanning-Artifacts': 7, 'Cars': 8, 'Utility-Pole': 9, 'Insulator': 10, 'Electrical-Wire': 11, 'Cross-Bar': 12, 'Stick': 13, 'Fuse': 14, 'Wire-Clip': 15, 'Linker-Insulator': 16, 'Persons': 17, 'Traffic-Sign': 18, 'Traffic-Light': 19}
LABEL_NAME_MAP       {0: 'Unlabeled', 1: 'Manmade-Terrain', 2: 'Natural-Terrain', 3: 'High-Vegetation', 4: 'Low-Vegetation', 5: 'Buildings', 6: 'Hard-Scape', 7: 'Scanning-Artifacts', 8: 'Cars', 9: 'Utility-Pole', 10: 'Insulator', 11: 'Electrical-Wire', 12: 'Cross-Bar', 13: 'Stick', 14: 'Fuse', 15: 'Wire-Clip', 16: 'Linker-Insulator', 17: 'Persons', 18: 'Traffic-Sign', 19: 'Traffic-Light'}
GPU_MEMORY_FRACTION  0.5
NMS_THRESHOLD        0.5
VISUALIZATION        True
NEED_SAMPLE          True
USE_VOTES            False
TOOLS_TYPE           CLOUDVIEWER
DATA                 {'VAL': {}}
-------------------  ----------------------------------------------------------------------------------------------------------------------------------------------------------------------------------------------------------------------------------------------------------------------------------------------------------------------------------------------------------------------------------
[2020-10-20 11:14:06,774 @randLA_detector.py:19] INFO: GPU Total Count： 2
[2020-10-20 11:14:06,802 @randLA_detector.py:39] INFO: using GPU index 0
[2020-10-20 13:55:58,510 @cfgs.py:157] INFO: Semantic Segmentation System Configuration: 
-------------------  ----------------------------------------------------------------------------------------------------------------------------------------------------------------------------------------------------------------------------------------------------------------------------------------------------------------------------------------------------------------------------------
ROOT_PATH            G:\develop\pcl_projects\ErowCloudViewer\ErowCloudViewerPython\CloudViewerAISystem\SemanticSegmentationSystem
TEST_PATH            G:\develop\pcl_projects\ErowCloudViewer\ErowCloudViewerPython\CloudViewerAISystem\SemanticSegmentationSystem\test\test_clouds
TEST_RESULT          G:\develop\pcl_projects\ErowCloudViewer\ErowCloudViewerPython\CloudViewerAISystem\SemanticSegmentationSystem\test\test_result
LOG_PATH             G:\develop\pcl_projects\ErowCloudViewer\ErowCloudViewerPython\CloudViewerAISystem\SemanticSegmentationSystem\log
LOG_FILE             G:\develop\pcl_projects\ErowCloudViewer\ErowCloudViewerPython\CloudViewerAISystem\SemanticSegmentationSystem\log\log.log
DETECTOR             RandLA
RUNNING_MODE         LOCAL
SERVER_MODE          GRPC
GRPC_SERVER_URL      localhost:9000
REST_SERVER_URL      http://localhost:9001/v1/models/HelmetDetector:predict
SNIPER_SERVER_URL    http://localhost:9002/helmetdetector
GPU_INFO             {
                         "GPU 0 INFO": {
                             "total": "11264.0 MB",
                             "used": "982.6484375 MB",
                             "free": "10281.3515625 MB"
                         },
                         "GPU 1 INFO": {
                             "total": "11264.0 MB",
                             "used": "982.6484375 MB",
                             "free": "10281.3515625 MB"
                         }
                     }
GPU_MODE             0
NUM_CLASSES          20
MIN_POINTS           100
VOXEL_SIZE           0.02
NAME_LABEL_MAP       {'Unlabeled': 0, 'Manmade-Terrain': 1, 'Natural-Terrain': 2, 'High-Vegetation': 3, 'Low-Vegetation': 4, 'Buildings': 5, 'Hard-Scape': 6, 'Scanning-Artifacts': 7, 'Cars': 8, 'Utility-Pole': 9, 'Insulator': 10, 'Electrical-Wire': 11, 'Cross-Bar': 12, 'Stick': 13, 'Fuse': 14, 'Wire-Clip': 15, 'Linker-Insulator': 16, 'Persons': 17, 'Traffic-Sign': 18, 'Traffic-Light': 19}
LABEL_NAME_MAP       {0: 'Unlabeled', 1: 'Manmade-Terrain', 2: 'Natural-Terrain', 3: 'High-Vegetation', 4: 'Low-Vegetation', 5: 'Buildings', 6: 'Hard-Scape', 7: 'Scanning-Artifacts', 8: 'Cars', 9: 'Utility-Pole', 10: 'Insulator', 11: 'Electrical-Wire', 12: 'Cross-Bar', 13: 'Stick', 14: 'Fuse', 15: 'Wire-Clip', 16: 'Linker-Insulator', 17: 'Persons', 18: 'Traffic-Sign', 19: 'Traffic-Light'}
GPU_MEMORY_FRACTION  0.5
NMS_THRESHOLD        0.5
VISUALIZATION        True
NEED_SAMPLE          True
USE_VOTES            False
TOOLS_TYPE           CLOUDVIEWER
DATA                 {'VAL': {}}
-------------------  ----------------------------------------------------------------------------------------------------------------------------------------------------------------------------------------------------------------------------------------------------------------------------------------------------------------------------------------------------------------------------------
[2020-10-20 13:55:58,510 @randLA_detector.py:19] INFO: GPU Total Count： 2
[2020-10-20 13:55:58,540 @randLA_detector.py:39] INFO: using GPU index 0
[2020-10-20 13:56:03,236 @cfgs.py:157] INFO: Semantic Segmentation System Configuration: 
-------------------  ----------------------------------------------------------------------------------------------------------------------------------------------------------------------------------------------------------------------------------------------------------------------------------------------------------------------------------------------------------------------------------
ROOT_PATH            G:\develop\pcl_projects\ErowCloudViewer\ErowCloudViewerPython\CloudViewerAISystem\SemanticSegmentationSystem
TEST_PATH            G:\develop\pcl_projects\ErowCloudViewer\ErowCloudViewerPython\CloudViewerAISystem\SemanticSegmentationSystem\test\test_clouds
TEST_RESULT          G:\develop\pcl_projects\ErowCloudViewer\ErowCloudViewerPython\CloudViewerAISystem\SemanticSegmentationSystem\test\test_result
LOG_PATH             G:\develop\pcl_projects\ErowCloudViewer\ErowCloudViewerPython\CloudViewerAISystem\SemanticSegmentationSystem\log
LOG_FILE             G:\develop\pcl_projects\ErowCloudViewer\ErowCloudViewerPython\CloudViewerAISystem\SemanticSegmentationSystem\log\log.log
DETECTOR             RandLA
RUNNING_MODE         LOCAL
SERVER_MODE          GRPC
GRPC_SERVER_URL      localhost:9000
REST_SERVER_URL      http://localhost:9001/v1/models/HelmetDetector:predict
SNIPER_SERVER_URL    http://localhost:9002/helmetdetector
GPU_INFO             {
                         "GPU 0 INFO": {
                             "total": "11264.0 MB",
                             "used": "982.6484375 MB",
                             "free": "10281.3515625 MB"
                         },
                         "GPU 1 INFO": {
                             "total": "11264.0 MB",
                             "used": "982.6484375 MB",
                             "free": "10281.3515625 MB"
                         }
                     }
GPU_MODE             0
NUM_CLASSES          20
MIN_POINTS           100
VOXEL_SIZE           0.02
NAME_LABEL_MAP       {'Unlabeled': 0, 'Manmade-Terrain': 1, 'Natural-Terrain': 2, 'High-Vegetation': 3, 'Low-Vegetation': 4, 'Buildings': 5, 'Hard-Scape': 6, 'Scanning-Artifacts': 7, 'Cars': 8, 'Utility-Pole': 9, 'Insulator': 10, 'Electrical-Wire': 11, 'Cross-Bar': 12, 'Stick': 13, 'Fuse': 14, 'Wire-Clip': 15, 'Linker-Insulator': 16, 'Persons': 17, 'Traffic-Sign': 18, 'Traffic-Light': 19}
LABEL_NAME_MAP       {0: 'Unlabeled', 1: 'Manmade-Terrain', 2: 'Natural-Terrain', 3: 'High-Vegetation', 4: 'Low-Vegetation', 5: 'Buildings', 6: 'Hard-Scape', 7: 'Scanning-Artifacts', 8: 'Cars', 9: 'Utility-Pole', 10: 'Insulator', 11: 'Electrical-Wire', 12: 'Cross-Bar', 13: 'Stick', 14: 'Fuse', 15: 'Wire-Clip', 16: 'Linker-Insulator', 17: 'Persons', 18: 'Traffic-Sign', 19: 'Traffic-Light'}
GPU_MEMORY_FRACTION  0.5
NMS_THRESHOLD        0.5
VISUALIZATION        True
NEED_SAMPLE          True
USE_VOTES            False
TOOLS_TYPE           CLOUDVIEWER
DATA                 {'VAL': {}}
-------------------  ----------------------------------------------------------------------------------------------------------------------------------------------------------------------------------------------------------------------------------------------------------------------------------------------------------------------------------------------------------------------------------
[2020-10-20 13:56:03,237 @randLA_detector.py:19] INFO: GPU Total Count： 2
[2020-10-20 13:56:03,265 @randLA_detector.py:39] INFO: using GPU index 0
